[0.014s] Invoking command in '/home/mikew/robo25ws/build/serial_driver': CMAKE_PREFIX_PATH=/home/mikew/robo25ws/install/io_context:/home/mikew/robo25ws/install/asio_cmake_module:/home/mikew/robo25ws/install/udp_driver:/home/mikew/robo25ws/install/serial_driver:/home/mikew/robo25ws/install/robo25_stuff:/opt/ros/humble LD_LIBRARY_PATH=/home/mikew/robo25ws/install/io_context/lib:/home/mikew/robo25ws/install/udp_driver/lib:/home/mikew/robo25ws/install/serial_driver/lib:/usr/lib/x86_64-linux-gnu/gazebo-11/plugins:/opt/ros/humble/opt/rviz_ogre_vendor/lib:/opt/ros/humble/lib/x86_64-linux-gnu:/opt/ros/humble/lib /usr/bin/cmake --build /home/mikew/robo25ws/build/serial_driver -- -j8 -l8
[0.094s] [ 20%] Built target serial_bridge
[0.094s] [ 40%] Built target lifecycle_service_client
[0.099s] [ 70%] Built target serial_driver
[0.123s] [35m[1mConsolidate compiler generated dependencies of target serial_driver_nodes[0m
[0.157s] [ 80%] [32mBuilding CXX object CMakeFiles/serial_driver_nodes.dir/src/lifecycle_service_client.cpp.o[0m
[2.565s] [01m[K/home/mikew/robo25ws/src/transport_drivers/serial_driver/src/lifecycle_service_client.cpp:65:6:[m[K [01;31m[Kerror: [m[Kâ€˜[01m[KSerialBridgeNode[m[Kâ€™ has not been declared
[2.565s]    65 | void [01;31m[KSerialBridgeNode[m[K::get_params()
[2.565s]       |      [01;31m[K^~~~~~~~~~~~~~~~[m[K
[2.565s] [01m[K/home/mikew/robo25ws/src/transport_drivers/serial_driver/src/lifecycle_service_client.cpp:[m[K In function â€˜[01m[Kvoid get_params()[m[Kâ€™:
[2.566s] [01m[K/home/mikew/robo25ws/src/transport_drivers/serial_driver/src/lifecycle_service_client.cpp:68:13:[m[K [01;31m[Kerror: [m[Kâ€˜[01m[KFlowControl[m[Kâ€™ has not been declared
[2.566s]    68 |   auto fc = [01;31m[KFlowControl[m[K::NONE;
[2.566s]       |             [01;31m[K^~~~~~~~~~~[m[K
[2.566s] [01m[K/home/mikew/robo25ws/src/transport_drivers/serial_driver/src/lifecycle_service_client.cpp:69:13:[m[K [01;31m[Kerror: [m[Kâ€˜[01m[KParity[m[Kâ€™ has not been declared
[2.566s]    69 |   auto pt = [01;31m[KParity[m[K::NONE;
[2.566s]       |             [01;31m[K^~~~~~[m[K
[2.566s] [01m[K/home/mikew/robo25ws/src/transport_drivers/serial_driver/src/lifecycle_service_client.cpp:70:13:[m[K [01;31m[Kerror: [m[Kâ€˜[01m[KStopBits[m[Kâ€™ has not been declared
[2.566s]    70 |   auto sb = [01;31m[KStopBits[m[K::ONE;
[2.566s]       |             [01;31m[K^~~~~~~~[m[K
[2.570s] [01m[K/home/mikew/robo25ws/src/transport_drivers/serial_driver/src/lifecycle_service_client.cpp:73:5:[m[K [01;31m[Kerror: [m[Kâ€˜[01m[Km_device_name[m[Kâ€™ was not declared in this scope
[2.570s]    73 |     [01;31m[Km_device_name[m[K = declare_parameter<std::string>("device_name", "");
[2.570s]       |     [01;31m[K^~~~~~~~~~~~~[m[K
[2.577s] [01m[K/home/mikew/robo25ws/src/transport_drivers/serial_driver/src/lifecycle_service_client.cpp:73:21:[m[K [01;31m[Kerror: [m[Kâ€˜[01m[Kdeclare_parameter[m[Kâ€™ was not declared in this scope
[2.577s]    73 |     m_device_name = [01;31m[Kdeclare_parameter[m[K<std::string>("device_name", "");
[2.577s]       |                     [01;31m[K^~~~~~~~~~~~~~~~~[m[K
[2.577s] [01m[K/home/mikew/robo25ws/src/transport_drivers/serial_driver/src/lifecycle_service_client.cpp:73:50:[m[K [01;31m[Kerror: [m[Kexpected primary-expression before â€˜[01m[K>[m[Kâ€™ token
[2.577s]    73 |     m_device_name = declare_parameter<std::string[01;31m[K>[m[K("device_name", "");
[2.577s]       |                                                  [01;31m[K^[m[K
[2.577s] [01m[K/home/mikew/robo25ws/src/transport_drivers/serial_driver/src/lifecycle_service_client.cpp:73:52:[m[K [01;35m[Kwarning: [m[Kleft operand of comma operator has no effect [[01;35m[K]8;;https://gcc.gnu.org/onlinedocs/gcc/Warning-Options.html#index-Wunused-value-Wunused-value]8;;[m[K]
[2.577s]    73 |     m_device_name = declare_parameter<std::string>([01;35m[K"device_name"[m[K, "");
[2.577s]       |                                                    [01;35m[K^~~~~~~~~~~~~[m[K
[2.578s] In file included from [01m[K/opt/ros/humble/include/rclcpp/rclcpp/client.hpp:40[m[K,
[2.578s]                  from [01m[K/opt/ros/humble/include/rclcpp/rclcpp/callback_group.hpp:24[m[K,
[2.578s]                  from [01m[K/opt/ros/humble/include/rclcpp/rclcpp/any_executable.hpp:20[m[K,
[2.578s]                  from [01m[K/opt/ros/humble/include/rclcpp/rclcpp/memory_strategy.hpp:25[m[K,
[2.578s]                  from [01m[K/opt/ros/humble/include/rclcpp/rclcpp/memory_strategies.hpp:18[m[K,
[2.578s]                  from [01m[K/opt/ros/humble/include/rclcpp/rclcpp/executor_options.hpp:20[m[K,
[2.578s]                  from [01m[K/opt/ros/humble/include/rclcpp/rclcpp/executor.hpp:37[m[K,
[2.578s]                  from [01m[K/opt/ros/humble/include/rclcpp/rclcpp/executors/multi_threaded_executor.hpp:25[m[K,
[2.578s]                  from [01m[K/opt/ros/humble/include/rclcpp/rclcpp/executors.hpp:21[m[K,
[2.578s]                  from [01m[K/opt/ros/humble/include/rclcpp/rclcpp/rclcpp.hpp:155[m[K,
[2.578s]                  from [01m[K/home/mikew/robo25ws/src/transport_drivers/serial_driver/src/lifecycle_service_client.cpp:25[m[K:
[2.579s] [01m[K/home/mikew/robo25ws/src/transport_drivers/serial_driver/src/lifecycle_service_client.cpp:75:18:[m[K [01;31m[Kerror: [m[Kâ€˜[01m[Kget_logger[m[Kâ€™ was not declared in this scope; did you mean â€˜[01m[Krclcpp::get_logger[m[Kâ€™?
[2.579s]    75 |     RCLCPP_ERROR([01;31m[Kget_logger[m[K(), "The device name provided was invalid");
[2.579s]       |                  [01;31m[K^~~~~~~~~~[m[K
[2.579s] In file included from [01m[K/opt/ros/humble/include/rclcpp/rclcpp/logging.hpp:23[m[K,
[2.579s]                  from [01m[K/opt/ros/humble/include/rclcpp/rclcpp/client.hpp:40[m[K,
[2.579s]                  from [01m[K/opt/ros/humble/include/rclcpp/rclcpp/callback_group.hpp:24[m[K,
[2.579s]                  from [01m[K/opt/ros/humble/include/rclcpp/rclcpp/any_executable.hpp:20[m[K,
[2.579s]                  from [01m[K/opt/ros/humble/include/rclcpp/rclcpp/memory_strategy.hpp:25[m[K,
[2.579s]                  from [01m[K/opt/ros/humble/include/rclcpp/rclcpp/memory_strategies.hpp:18[m[K,
[2.579s]                  from [01m[K/opt/ros/humble/include/rclcpp/rclcpp/executor_options.hpp:20[m[K,
[2.579s]                  from [01m[K/opt/ros/humble/include/rclcpp/rclcpp/executor.hpp:37[m[K,
[2.579s]                  from [01m[K/opt/ros/humble/include/rclcpp/rclcpp/executors/multi_threaded_executor.hpp:25[m[K,
[2.579s]                  from [01m[K/opt/ros/humble/include/rclcpp/rclcpp/executors.hpp:21[m[K,
[2.579s]                  from [01m[K/opt/ros/humble/include/rclcpp/rclcpp/rclcpp.hpp:155[m[K,
[2.579s]                  from [01m[K/home/mikew/robo25ws/src/transport_drivers/serial_driver/src/lifecycle_service_client.cpp:25[m[K:
[2.579s] [01m[K/opt/ros/humble/include/rclcpp/rclcpp/logger.hpp:106:17:[m[K [01;36m[Knote: [m[Kâ€˜[01m[Krclcpp::get_logger[m[Kâ€™ declared here
[2.580s]   106 |   friend Logger [01;36m[Krclcpp[m[K::get_logger(const std::string & name);
[2.580s]       |                 [01;36m[K^~~~~~[m[K
[2.580s] In file included from [01m[K/opt/ros/humble/include/rclcpp/rclcpp/client.hpp:40[m[K,
[2.580s]                  from [01m[K/opt/ros/humble/include/rclcpp/rclcpp/callback_group.hpp:24[m[K,
[2.580s]                  from [01m[K/opt/ros/humble/include/rclcpp/rclcpp/any_executable.hpp:20[m[K,
[2.580s]                  from [01m[K/opt/ros/humble/include/rclcpp/rclcpp/memory_strategy.hpp:25[m[K,
[2.580s]                  from [01m[K/opt/ros/humble/include/rclcpp/rclcpp/memory_strategies.hpp:18[m[K,
[2.580s]                  from [01m[K/opt/ros/humble/include/rclcpp/rclcpp/executor_options.hpp:20[m[K,
[2.580s]                  from [01m[K/opt/ros/humble/include/rclcpp/rclcpp/executor.hpp:37[m[K,
[2.580s]                  from [01m[K/opt/ros/humble/include/rclcpp/rclcpp/executors/multi_threaded_executor.hpp:25[m[K,
[2.580s]                  from [01m[K/opt/ros/humble/include/rclcpp/rclcpp/executors.hpp:21[m[K,
[2.580s]                  from [01m[K/opt/ros/humble/include/rclcpp/rclcpp/rclcpp.hpp:155[m[K,
[2.580s]                  from [01m[K/home/mikew/robo25ws/src/transport_drivers/serial_driver/src/lifecycle_service_client.cpp:25[m[K:
[2.580s] [01m[K/home/mikew/robo25ws/src/transport_drivers/serial_driver/src/lifecycle_service_client.cpp:75:5:[m[K [01;31m[Kerror: [m[Ktemplate argument 1 is invalid
[2.580s]    75 |     [01;31m[KRCLCPP_ERROR[m[K(get_logger(), "The device name provided was invalid");
[2.580s]       |     [01;31m[K^~~~~~~~~~~~[m[K
[2.580s] [01m[K/home/mikew/robo25ws/src/transport_drivers/serial_driver/src/lifecycle_service_client.cpp:75:5:[m[K [01;31m[Kerror: [m[Ktemplate argument 1 is invalid
[2.581s]    75 |     [01;31m[KRCLCPP_ERROR[m[K(get_logger(), "The device name provided was invalid");
[2.581s]       |     [01;31m[K^~~~~~~~~~~~[m[K
[2.581s] [01m[K/home/mikew/robo25ws/src/transport_drivers/serial_driver/src/lifecycle_service_client.cpp:75:5:[m[K [01;31m[Kerror: [m[Ktemplate argument 1 is invalid
[2.581s]    75 |     [01;31m[KRCLCPP_ERROR[m[K(get_logger(), "The device name provided was invalid");
[2.581s]       |     [01;31m[K^~~~~~~~~~~~[m[K
[2.581s] [01m[K/home/mikew/robo25ws/src/transport_drivers/serial_driver/src/lifecycle_service_client.cpp:67:12:[m[K [01;35m[Kwarning: [m[Kunused variable â€˜[01m[Kbaud_rate[m[Kâ€™ [[01;35m[K]8;;https://gcc.gnu.org/onlinedocs/gcc/Warning-Options.html#index-Wunused-variable-Wunused-variable]8;;[m[K]
[2.581s]    67 |   uint32_t [01;35m[Kbaud_rate[m[K{};
[2.581s]       |            [01;35m[K^~~~~~~~~[m[K
[3.448s] gmake[2]: *** [CMakeFiles/serial_driver_nodes.dir/build.make:90: CMakeFiles/serial_driver_nodes.dir/src/lifecycle_service_client.cpp.o] Error 1
[3.449s] gmake[1]: *** [CMakeFiles/Makefile2:169: CMakeFiles/serial_driver_nodes.dir/all] Error 2
[3.449s] gmake: *** [Makefile:146: all] Error 2
[3.451s] Invoked command in '/home/mikew/robo25ws/build/serial_driver' returned '2': CMAKE_PREFIX_PATH=/home/mikew/robo25ws/install/io_context:/home/mikew/robo25ws/install/asio_cmake_module:/home/mikew/robo25ws/install/udp_driver:/home/mikew/robo25ws/install/serial_driver:/home/mikew/robo25ws/install/robo25_stuff:/opt/ros/humble LD_LIBRARY_PATH=/home/mikew/robo25ws/install/io_context/lib:/home/mikew/robo25ws/install/udp_driver/lib:/home/mikew/robo25ws/install/serial_driver/lib:/usr/lib/x86_64-linux-gnu/gazebo-11/plugins:/opt/ros/humble/opt/rviz_ogre_vendor/lib:/opt/ros/humble/lib/x86_64-linux-gnu:/opt/ros/humble/lib /usr/bin/cmake --build /home/mikew/robo25ws/build/serial_driver -- -j8 -l8
