[35m[1mConsolidate compiler generated dependencies of target serial_bridge[0m
[35m[1mConsolidate compiler generated dependencies of target lifecycle_service_client[0m
[35m[1mConsolidate compiler generated dependencies of target serial_driver[0m
[ 20%] Built target serial_bridge
[ 40%] Built target lifecycle_service_client
[ 70%] Built target serial_driver
[35m[1mConsolidate compiler generated dependencies of target serial_driver_nodes[0m
[ 80%] [32mBuilding CXX object CMakeFiles/serial_driver_nodes.dir/src/lifecycle_service_client.cpp.o[0m
[01m[K/home/mikew/robo25ws/src/transport_drivers/serial_driver/src/lifecycle_service_client.cpp:33:48:[m[K [01;31m[Kerror: [m[Kâ€˜[01m[Kbridge_node_name[m[Kâ€™ was not declared in this scope; did you mean â€˜[01m[Krmw_get_node_names[m[Kâ€™?
   33 | static constexpr char const * lifecycle_node = [01;31m[Kbridge_node_name[m[K; //"serial_bridge_node";
      |                                                [01;31m[K^~~~~~~~~~~~~~~~[m[K
      |                                                [32m[Krmw_get_node_names[m[K
[01m[K/home/mikew/robo25ws/src/transport_drivers/serial_driver/src/lifecycle_service_client.cpp:44:54:[m[K [01;31m[Kerror: [m[Kâ€˜[01m[Kf[m[Kâ€™ was not declared in this scope
   44 | static constexpr char const * node_get_state_topic = [01;31m[Kf[m[K"{bridge_node_name}/get_state";
      |                                                      [01;31m[K^[m[K
[01m[K/home/mikew/robo25ws/src/transport_drivers/serial_driver/src/lifecycle_service_client.cpp:45:57:[m[K [01;31m[Kerror: [m[Kâ€˜[01m[Kf[m[Kâ€™ was not declared in this scope
   45 | static constexpr char const * node_change_state_topic = [01;31m[Kf[m[K"{bridge_node_name}/change_state";
      |                                                         [01;31m[K^[m[K
gmake[2]: *** [CMakeFiles/serial_driver_nodes.dir/build.make:90: CMakeFiles/serial_driver_nodes.dir/src/lifecycle_service_client.cpp.o] Error 1
gmake[1]: *** [CMakeFiles/Makefile2:169: CMakeFiles/serial_driver_nodes.dir/all] Error 2
gmake: *** [Makefile:146: all] Error 2
