[0.011s] Invoking command in '/home/mikew/robo25ws/build/serial_driver': AMENT_PREFIX_PATH=/home/mikew/robo25ws/install/io_context:/home/mikew/robo25ws/install/asio_cmake_module:${AMENT_PREFIX_PATH} CMAKE_PREFIX_PATH=/home/mikew/robo25ws/install/io_context:/home/mikew/robo25ws/install/asio_cmake_module:/opt/ros/humble LD_LIBRARY_PATH=/home/mikew/robo25ws/install/io_context/lib:${LD_LIBRARY_PATH} /usr/bin/cmake --build /home/mikew/robo25ws/build/serial_driver -- -j8 -l8
[0.060s] [35m[1mConsolidate compiler generated dependencies of target serial_bridge[0m
[0.060s] [35m[1mConsolidate compiler generated dependencies of target lifecycle_service_client[0m
[0.062s] [35m[1mConsolidate compiler generated dependencies of target serial_driver[0m
[0.093s] [ 20%] Built target serial_bridge
[0.116s] [ 40%] Built target lifecycle_service_client
[0.119s] [ 70%] Built target serial_driver
[0.136s] [35m[1mConsolidate compiler generated dependencies of target serial_driver_nodes[0m
[0.177s] [ 80%] [32mBuilding CXX object CMakeFiles/serial_driver_nodes.dir/src/lifecycle_service_client.cpp.o[0m
[2.517s] [01m[K/home/mikew/robo25ws/src/transport_drivers/serial_driver/src/lifecycle_service_client.cpp:33:48:[m[K [01;31m[Kerror: [m[Kâ€˜[01m[Kbridge_node_name[m[Kâ€™ was not declared in this scope; did you mean â€˜[01m[Krmw_get_node_names[m[Kâ€™?
[2.517s]    33 | static constexpr char const * lifecycle_node = [01;31m[Kbridge_node_name[m[K; //"serial_bridge_node";
[2.517s]       |                                                [01;31m[K^~~~~~~~~~~~~~~~[m[K
[2.517s]       |                                                [32m[Krmw_get_node_names[m[K
[2.519s] [01m[K/home/mikew/robo25ws/src/transport_drivers/serial_driver/src/lifecycle_service_client.cpp:44:54:[m[K [01;31m[Kerror: [m[Kâ€˜[01m[Kf[m[Kâ€™ was not declared in this scope
[2.519s]    44 | static constexpr char const * node_get_state_topic = [01;31m[Kf[m[K"{bridge_node_name}/get_state";
[2.519s]       |                                                      [01;31m[K^[m[K
[2.521s] [01m[K/home/mikew/robo25ws/src/transport_drivers/serial_driver/src/lifecycle_service_client.cpp:45:57:[m[K [01;31m[Kerror: [m[Kâ€˜[01m[Kf[m[Kâ€™ was not declared in this scope
[2.521s]    45 | static constexpr char const * node_change_state_topic = [01;31m[Kf[m[K"{bridge_node_name}/change_state";
[2.521s]       |                                                         [01;31m[K^[m[K
[3.413s] gmake[2]: *** [CMakeFiles/serial_driver_nodes.dir/build.make:90: CMakeFiles/serial_driver_nodes.dir/src/lifecycle_service_client.cpp.o] Error 1
[3.413s] gmake[1]: *** [CMakeFiles/Makefile2:169: CMakeFiles/serial_driver_nodes.dir/all] Error 2
[3.414s] gmake: *** [Makefile:146: all] Error 2
[3.416s] Invoked command in '/home/mikew/robo25ws/build/serial_driver' returned '2': AMENT_PREFIX_PATH=/home/mikew/robo25ws/install/io_context:/home/mikew/robo25ws/install/asio_cmake_module:${AMENT_PREFIX_PATH} CMAKE_PREFIX_PATH=/home/mikew/robo25ws/install/io_context:/home/mikew/robo25ws/install/asio_cmake_module:/opt/ros/humble LD_LIBRARY_PATH=/home/mikew/robo25ws/install/io_context/lib:${LD_LIBRARY_PATH} /usr/bin/cmake --build /home/mikew/robo25ws/build/serial_driver -- -j8 -l8
