[01m[K/home/mikew/robo25ws/src/transport_drivers/serial_driver/src/lifecycle_service_client.cpp:33:48:[m[K [01;31m[Kerror: [m[Kâ€˜[01m[Kbridge_node_name[m[Kâ€™ was not declared in this scope; did you mean â€˜[01m[Krmw_get_node_names[m[Kâ€™?
   33 | static constexpr char const * lifecycle_node = [01;31m[Kbridge_node_name[m[K; //"serial_bridge_node";
      |                                                [01;31m[K^~~~~~~~~~~~~~~~[m[K
      |                                                [32m[Krmw_get_node_names[m[K
[01m[K/home/mikew/robo25ws/src/transport_drivers/serial_driver/src/lifecycle_service_client.cpp:44:54:[m[K [01;31m[Kerror: [m[Kâ€˜[01m[Kbridge_node_name[m[Kâ€™ was not declared in this scope; did you mean â€˜[01m[Krmw_get_node_names[m[Kâ€™?
   44 | static constexpr char const * node_get_state_topic = [01;31m[Kbridge_node_name[m[K+"/get_state";
      |                                                      [01;31m[K^~~~~~~~~~~~~~~~[m[K
      |                                                      [32m[Krmw_get_node_names[m[K
[01m[K/home/mikew/robo25ws/src/transport_drivers/serial_driver/src/lifecycle_service_client.cpp:45:57:[m[K [01;31m[Kerror: [m[Kâ€˜[01m[Kbridge_node_name[m[Kâ€™ was not declared in this scope; did you mean â€˜[01m[Krmw_get_node_names[m[Kâ€™?
   45 | static constexpr char const * node_change_state_topic = [01;31m[Kbridge_node_name[m[K+"/change_state";
      |                                                         [01;31m[K^~~~~~~~~~~~~~~~[m[K
      |                                                         [32m[Krmw_get_node_names[m[K
gmake[2]: *** [CMakeFiles/serial_driver_nodes.dir/build.make:90: CMakeFiles/serial_driver_nodes.dir/src/lifecycle_service_client.cpp.o] Error 1
gmake[1]: *** [CMakeFiles/Makefile2:169: CMakeFiles/serial_driver_nodes.dir/all] Error 2
gmake: *** [Makefile:146: all] Error 2
