[0.011s] Invoking command in '/home/mikew/robo25ws/build/serial_driver': AMENT_PREFIX_PATH=/home/mikew/robo25ws/install/io_context:/home/mikew/robo25ws/install/asio_cmake_module:${AMENT_PREFIX_PATH} CMAKE_PREFIX_PATH=/home/mikew/robo25ws/install/io_context:/home/mikew/robo25ws/install/asio_cmake_module:/opt/ros/humble LD_LIBRARY_PATH=/home/mikew/robo25ws/install/io_context/lib:${LD_LIBRARY_PATH} /usr/bin/cmake --build /home/mikew/robo25ws/build/serial_driver -- -j8 -l8
[0.091s] [ 20%] Built target lifecycle_service_client
[0.094s] [ 40%] Built target serial_bridge
[0.099s] [ 70%] Built target serial_driver
[0.116s] [35m[1mConsolidate compiler generated dependencies of target serial_driver_nodes[0m
[0.154s] [ 80%] [32mBuilding CXX object CMakeFiles/serial_driver_nodes.dir/src/lifecycle_service_client.cpp.o[0m
[2.492s] [01m[K/home/mikew/robo25ws/src/transport_drivers/serial_driver/src/lifecycle_service_client.cpp:[m[K In member function â€˜[01m[Kvoid LifecycleServiceClient::init()[m[Kâ€™:
[2.492s] [01m[K/home/mikew/robo25ws/src/transport_drivers/serial_driver/src/lifecycle_service_client.cpp:81:57:[m[K [01;31m[Kerror: [m[Kinvalid conversion from â€˜[01m[Kchar[m[Kâ€™ to â€˜[01m[Kchar*[m[Kâ€™ [[01;31m[K]8;;https://gcc.gnu.org/onlinedocs/gcc/Warning-Options.html#index-fpermissive-fpermissive]8;;[m[K]
[2.492s]    81 |     node_get_state_topic = strcat([01;31m[Knode_get_state_topic[0][m[K, "str");
[2.492s]       |                                   [01;31m[K~~~~~~~~~~~~~~~~~~~~~~^[m[K
[2.492s]       |                                                         [01;31m[K|[m[K
[2.493s]       |                                                         [01;31m[Kchar[m[K
[2.493s] In file included from [01m[K/opt/ros/humble/include/rcutils/rcutils/error_handling.h:34[m[K,
[2.493s]                  from [01m[K/opt/ros/humble/include/rcutils/rcutils/logging.h:25[m[K,
[2.493s]                  from [01m[K/opt/ros/humble/include/rmw/rmw/types.h:28[m[K,
[2.493s]                  from [01m[K/opt/ros/humble/include/rcl/rcl/types.h:20[m[K,
[2.493s]                  from [01m[K/opt/ros/humble/include/rcl/rcl/log_level.h:22[m[K,
[2.493s]                  from [01m[K/opt/ros/humble/include/rcl/rcl/arguments.h:21[m[K,
[2.493s]                  from [01m[K/opt/ros/humble/include/rcl/rcl/context.h:28[m[K,
[2.493s]                  from [01m[K/opt/ros/humble/include/rcl/rcl/guard_condition.h:26[m[K,
[2.493s]                  from [01m[K/opt/ros/humble/include/rclcpp/rclcpp/executor.hpp:30[m[K,
[2.493s]                  from [01m[K/opt/ros/humble/include/rclcpp/rclcpp/executors/multi_threaded_executor.hpp:25[m[K,
[2.493s]                  from [01m[K/opt/ros/humble/include/rclcpp/rclcpp/executors.hpp:21[m[K,
[2.493s]                  from [01m[K/opt/ros/humble/include/rclcpp/rclcpp/rclcpp.hpp:155[m[K,
[2.493s]                  from [01m[K/home/mikew/robo25ws/src/transport_drivers/serial_driver/src/lifecycle_service_client.cpp:25[m[K:
[2.493s] [01m[K/usr/include/string.h:149:39:[m[K [01;36m[Knote: [m[K  initializing argument 1 of â€˜[01m[Kchar* strcat(char*, const char*)[m[Kâ€™
[2.493s]   149 | extern char *strcat ([01;36m[Kchar *__restrict __dest[m[K, const char *__restrict __src)
[2.494s]       |                      [01;36m[K~~~~~~~~~~~~~~~~~^~~~~~[m[K
[2.494s] [01m[K/home/mikew/robo25ws/src/transport_drivers/serial_driver/src/lifecycle_service_client.cpp:81:26:[m[K [01;31m[Kerror: [m[Kincompatible types in assignment of â€˜[01m[Kchar*[m[Kâ€™ to â€˜[01m[Kchar [100][m[Kâ€™
[2.494s]    81 |     [01;31m[Knode_get_state_topic = strcat(node_get_state_topic[0], "str")[m[K;
[2.494s]       |     [01;31m[K~~~~~~~~~~~~~~~~~~~~~^~~~~~~~~~~~~~~~~~~~~~~~~~~~~~~~~~~~~~~~[m[K
[3.326s] gmake[2]: *** [CMakeFiles/serial_driver_nodes.dir/build.make:90: CMakeFiles/serial_driver_nodes.dir/src/lifecycle_service_client.cpp.o] Error 1
[3.326s] gmake[1]: *** [CMakeFiles/Makefile2:169: CMakeFiles/serial_driver_nodes.dir/all] Error 2
[3.327s] gmake: *** [Makefile:146: all] Error 2
[3.329s] Invoked command in '/home/mikew/robo25ws/build/serial_driver' returned '2': AMENT_PREFIX_PATH=/home/mikew/robo25ws/install/io_context:/home/mikew/robo25ws/install/asio_cmake_module:${AMENT_PREFIX_PATH} CMAKE_PREFIX_PATH=/home/mikew/robo25ws/install/io_context:/home/mikew/robo25ws/install/asio_cmake_module:/opt/ros/humble LD_LIBRARY_PATH=/home/mikew/robo25ws/install/io_context/lib:${LD_LIBRARY_PATH} /usr/bin/cmake --build /home/mikew/robo25ws/build/serial_driver -- -j8 -l8
